<?xml version="1.0" encoding="UTF-8"?>
<!-- Generated by org.testng.reporters.JUnitReportReporter -->
<testsuite skipped="0" hostname="DESKTOP-D5KJBUL" name="testing.FirstTestCase" tests="1" failures="0" timestamp="04 Jul 2018 05:44:42 GMT" time="0.015" errors="0">
  <testcase name="function1" time="0.015" classname="testing.FirstTestCase"/>
</testsuite> <!-- testing.FirstTestCase -->
